# JRE version: Java(TM) SE Runtime Environment (8.0_191-b12) (build 1.8.0_191-b12)
# Java VM: Java HotSpot(TM) 64-Bit Server VM (25.191-b12 mixed mode linux-amd64 compressed oops)
Heap:
 PSYoungGen      total 1001472K, used 17621K [0x000000076d300000, 0x00000007ab980000, 0x00000007c0000000)
  eden space 983552K, 0% used [0x000000076d300000,0x000000076d300000,0x00000007a9380000)
  from space 17920K, 98% used [0x00000007a9680000,0x00000007aa7b54f8,0x00000007aa800000)
  to   space 4608K, 0% used [0x00000007ab500000,0x00000007ab500000,0x00000007ab980000)
 ParOldGen       total 105472K, used 36226K [0x00000006c7800000, 0x00000006cdf00000, 0x000000076d300000)
  object space 105472K, 34% used [0x00000006c7800000,0x00000006c9b60a90,0x00000006cdf00000)
 Metaspace       used 22772K, capacity 23636K, committed 23856K, reserved 1071104K
  class space    used 2577K, capacity 2779K, committed 2864K, reserved 1048576K
GC Heap History (10 events):
Event: 6.099 GC heap after
Heap after GC invocations=11 (full 1):
 PSYoungGen      total 588800K, used 2656K [0x000000076d300000, 0x0000000793280000, 0x00000007c0000000)
  eden space 584192K, 0% used [0x000000076d300000,0x000000076d300000,0x0000000790d80000)
  from space 4608K, 57% used [0x0000000792e00000,0x0000000793098000,0x0000000793280000)
  to   space 18944K, 0% used [0x0000000790d80000,0x0000000790d80000,0x0000000792000000)
 ParOldGen       total 105472K, used 21222K [0x00000006c7800000, 0x00000006cdf00000, 0x000000076d300000)
  object space 105472K, 20% used [0x00000006c7800000,0x00000006c8cb9a60,0x00000006cdf00000)
 Metaspace       used 22614K, capacity 23444K, committed 23600K, reserved 1071104K
  class space    used 2573K, capacity 2779K, committed 2864K, reserved 1048576K
}
Event: 6.543 GC heap before
{Heap before GC invocations=12 (full 1):
 PSYoungGen      total 588800K, used 586848K [0x000000076d300000, 0x0000000793280000, 0x00000007c0000000)
  eden space 584192K, 100% used [0x000000076d300000,0x0000000790d80000,0x0000000790d80000)
  from space 4608K, 57% used [0x0000000792e00000,0x0000000793098000,0x0000000793280000)
  to   space 18944K, 0% used [0x0000000790d80000,0x0000000790d80000,0x0000000792000000)
 ParOldGen       total 105472K, used 21222K [0x00000006c7800000, 0x00000006cdf00000, 0x000000076d300000)
  object space 105472K, 20% used [0x00000006c7800000,0x00000006c8cb9a60,0x00000006cdf00000)
 Metaspace       used 22644K, capacity 23508K, committed 23600K, reserved 1071104K
  class space    used 2573K, capacity 2779K, committed 2864K, reserved 1048576K
Event: 6.546 GC heap after
Heap after GC invocations=12 (full 1):
 PSYoungGen      total 603136K, used 2912K [0x000000076d300000, 0x000000079e780000, 0x00000007c0000000)
  eden space 584192K, 0% used [0x000000076d300000,0x000000076d300000,0x0000000790d80000)
  from space 18944K, 15% used [0x0000000790d80000,0x0000000791058010,0x0000000792000000)
  to   space 18944K, 0% used [0x000000079d500000,0x000000079d500000,0x000000079e780000)
 ParOldGen       total 105472K, used 22778K [0x00000006c7800000, 0x00000006cdf00000, 0x000000076d300000)
  object space 105472K, 21% used [0x00000006c7800000,0x00000006c8e3ea70,0x00000006cdf00000)
 Metaspace       used 22644K, capacity 23508K, committed 23600K, reserved 1071104K
  class space    used 2573K, capacity 2779K, committed 2864K, reserved 1048576K
}
Event: 6.864 GC heap before
{Heap before GC invocations=13 (full 1):
 PSYoungGen      total 603136K, used 587104K [0x000000076d300000, 0x000000079e780000, 0x00000007c0000000)
  eden space 584192K, 100% used [0x000000076d300000,0x0000000790d80000,0x0000000790d80000)
  from space 18944K, 15% used [0x0000000790d80000,0x0000000791058010,0x0000000792000000)
  to   space 18944K, 0% used [0x000000079d500000,0x000000079d500000,0x000000079e780000)
 ParOldGen       total 105472K, used 22778K [0x00000006c7800000, 0x00000006cdf00000, 0x000000076d300000)
  object space 105472K, 21% used [0x00000006c7800000,0x00000006c8e3ea70,0x00000006cdf00000)
 Metaspace       used 22645K, capacity 23508K, committed 23600K, reserved 1071104K
  class space    used 2573K, capacity 2779K, committed 2864K, reserved 1048576K
Event: 6.866 GC heap after
Heap after GC invocations=13 (full 1):
 PSYoungGen      total 760832K, used 3232K [0x000000076d300000, 0x000000079da00000, 0x00000007c0000000)
  eden space 755712K, 0% used [0x000000076d300000,0x000000076d300000,0x000000079b500000)
  from space 5120K, 63% used [0x000000079d500000,0x000000079d828010,0x000000079da00000)
  to   space 18944K, 0% used [0x000000079b500000,0x000000079b500000,0x000000079c780000)
 ParOldGen       total 105472K, used 25402K [0x00000006c7800000, 0x00000006cdf00000, 0x000000076d300000)
  object space 105472K, 24% used [0x00000006c7800000,0x00000006c90cea70,0x00000006cdf00000)
 Metaspace       used 22645K, capacity 23508K, committed 23600K, reserved 1071104K
  class space    used 2573K, capacity 2779K, committed 2864K, reserved 1048576K
}
Event: 7.318 GC heap before
{Heap before GC invocations=14 (full 1):
 PSYoungGen      total 760832K, used 758944K [0x000000076d300000, 0x000000079da00000, 0x00000007c0000000)
  eden space 755712K, 100% used [0x000000076d300000,0x000000079b500000,0x000000079b500000)
  from space 5120K, 63% used [0x000000079d500000,0x000000079d828010,0x000000079da00000)
  to   space 18944K, 0% used [0x000000079b500000,0x000000079b500000,0x000000079c780000)
 ParOldGen       total 105472K, used 25402K [0x00000006c7800000, 0x00000006cdf00000, 0x000000076d300000)
  object space 105472K, 24% used [0x00000006c7800000,0x00000006c90cea70,0x00000006cdf00000)
 Metaspace       used 22649K, capacity 23508K, committed 23600K, reserved 1071104K
  class space    used 2573K, capacity 2779K, committed 2864K, reserved 1048576K
Event: 7.332 GC heap after
Heap after GC invocations=14 (full 1):
 PSYoungGen      total 774656K, used 3776K [0x000000076d300000, 0x00000007ac700000, 0x00000007c0000000)
  eden space 755712K, 0% used [0x000000076d300000,0x000000076d300000,0x000000079b500000)
  from space 18944K, 19% used [0x000000079b500000,0x000000079b8b0000,0x000000079c780000)
  to   space 18432K, 0% used [0x00000007ab500000,0x00000007ab500000,0x00000007ac700000)
 ParOldGen       total 105472K, used 28442K [0x00000006c7800000, 0x00000006cdf00000, 0x000000076d300000)
  object space 105472K, 26% used [0x00000006c7800000,0x00000006c93c6a80,0x00000006cdf00000)
 Metaspace       used 22649K, capacity 23508K, committed 23600K, reserved 1071104K
  class space    used 2573K, capacity 2779K, committed 2864K, reserved 1048576K
}
Event: 7.733 GC heap before
{Heap before GC invocations=15 (full 1):
 PSYoungGen      total 774656K, used 759488K [0x000000076d300000, 0x00000007ac700000, 0x00000007c0000000)
  eden space 755712K, 100% used [0x000000076d300000,0x000000079b500000,0x000000079b500000)
  from space 18944K, 19% used [0x000000079b500000,0x000000079b8b0000,0x000000079c780000)
  to   space 18432K, 0% used [0x00000007ab500000,0x00000007ab500000,0x00000007ac700000)
 ParOldGen       total 105472K, used 28442K [0x00000006c7800000, 0x00000006cdf00000, 0x000000076d300000)
  object space 105472K, 26% used [0x00000006c7800000,0x00000006c93c6a80,0x00000006cdf00000)
 Metaspace       used 22658K, capacity 23572K, committed 23856K, reserved 1071104K
  class space    used 2573K, capacity 2779K, committed 2864K, reserved 1048576K
Event: 7.737 GC heap after
Heap after GC invocations=15 (full 1):
 PSYoungGen      total 988160K, used 4416K [0x000000076d300000, 0x00000007ab980000, 0x00000007c0000000)
  eden space 983552K, 0% used [0x000000076d300000,0x000000076d300000,0x00000007a9380000)
  from space 4608K, 95% used [0x00000007ab500000,0x00000007ab950010,0x00000007ab980000)
  to   space 17920K, 0% used [0x00000007a9680000,0x00000007a9680000,0x00000007aa800000)
 ParOldGen       total 105472K, used 32018K [0x00000006c7800000, 0x00000006cdf00000, 0x000000076d300000)
  object space 105472K, 30% used [0x00000006c7800000,0x00000006c9744a80,0x00000006cdf00000)
 Metaspace       used 22658K, capacity 23572K, committed 23856K, reserved 1071104K
  class space    used 2573K, capacity 2779K, committed 2864K, reserved 1048576K
}
Event: 8.708 GC heap before
{Heap before GC invocations=16 (full 1):
 PSYoungGen      total 988160K, used 987968K [0x000000076d300000, 0x00000007ab980000, 0x00000007c0000000)
  eden space 983552K, 100% used [0x000000076d300000,0x00000007a9380000,0x00000007a9380000)
  from space 4608K, 95% used [0x00000007ab500000,0x00000007ab950010,0x00000007ab980000)
  to   space 17920K, 0% used [0x00000007a9680000,0x00000007a9680000,0x00000007aa800000)
 ParOldGen       total 105472K, used 32018K [0x00000006c7800000, 0x00000006cdf00000, 0x000000076d300000)
  object space 105472K, 30% used [0x00000006c7800000,0x00000006c9744a80,0x00000006cdf00000)
 Metaspace       used 22772K, capacity 23636K, committed 23856K, reserved 1071104K
  class space    used 2577K, capacity 2779K, committed 2864K, reserved 1048576K

