# JRE version: OpenJDK Runtime Environment (8.0_191-b12) (build 1.8.0_191-8u191-b12-2ubuntu0.18.04.1-b12)
# Java VM: OpenJDK 64-Bit Server VM (25.191-b12 mixed mode linux-amd64 compressed oops)
Heap:
 PSYoungGen      total 1068544K, used 12176K [0x000000076d300000, 0x00000007b0700000, 0x00000007c0000000)
  eden space 1035264K, 0% used [0x000000076d300000,0x000000076d300000,0x00000007ac600000)
  from space 33280K, 36% used [0x00000007ac600000,0x00000007ad1e4280,0x00000007ae680000)
  to   space 19968K, 0% used [0x00000007af380000,0x00000007af380000,0x00000007b0700000)
 ParOldGen       total 173056K, used 60970K [0x00000006c7800000, 0x00000006d2100000, 0x000000076d300000)
  object space 173056K, 35% used [0x00000006c7800000,0x00000006cb38a880,0x00000006d2100000)
 Metaspace       used 53446K, capacity 57460K, committed 57640K, reserved 1097728K
  class space    used 6617K, capacity 8405K, committed 8488K, reserved 1048576K
GC Heap History (10 events):
Event: 163.811 GC heap after
Heap after GC invocations=36 (full 2):
 PSYoungGen      total 778752K, used 12919K [0x000000076d300000, 0x00000007a3f00000, 0x00000007c0000000)
  eden space 743424K, 0% used [0x000000076d300000,0x000000076d300000,0x000000079a900000)
  from space 35328K, 36% used [0x000000079cb00000,0x000000079d79de00,0x000000079ed80000)
  to   space 34816K, 0% used [0x000000079a900000,0x000000079a900000,0x000000079cb00000)
 ParOldGen       total 173056K, used 52627K [0x00000006c7800000, 0x00000006d2100000, 0x000000076d300000)
  object space 173056K, 30% used [0x00000006c7800000,0x00000006cab64e58,0x00000006d2100000)
 Metaspace       used 52325K, capacity 56180K, committed 56360K, reserved 1097728K
  class space    used 6546K, capacity 8210K, committed 8232K, reserved 1048576K
}
Event: 168.393 GC heap before
{Heap before GC invocations=37 (full 2):
 PSYoungGen      total 778752K, used 756343K [0x000000076d300000, 0x00000007a3f00000, 0x00000007c0000000)
  eden space 743424K, 100% used [0x000000076d300000,0x000000079a900000,0x000000079a900000)
  from space 35328K, 36% used [0x000000079cb00000,0x000000079d79de00,0x000000079ed80000)
  to   space 34816K, 0% used [0x000000079a900000,0x000000079a900000,0x000000079cb00000)
 ParOldGen       total 173056K, used 52627K [0x00000006c7800000, 0x00000006d2100000, 0x000000076d300000)
  object space 173056K, 30% used [0x00000006c7800000,0x00000006cab64e58,0x00000006d2100000)
 Metaspace       used 52947K, capacity 56862K, committed 57000K, reserved 1097728K
  class space    used 6555K, capacity 8236K, committed 8360K, reserved 1048576K
Event: 168.403 GC heap after
Heap after GC invocations=37 (full 2):
 PSYoungGen      total 778240K, used 13257K [0x000000076d300000, 0x00000007a8080000, 0x00000007c0000000)
  eden space 743424K, 0% used [0x000000076d300000,0x000000076d300000,0x000000079a900000)
  from space 34816K, 38% used [0x000000079a900000,0x000000079b5f2698,0x000000079cb00000)
  to   space 34304K, 0% used [0x00000007a5f00000,0x00000007a5f00000,0x00000007a8080000)
 ParOldGen       total 173056K, used 53356K [0x00000006c7800000, 0x00000006d2100000, 0x000000076d300000)
  object space 173056K, 30% used [0x00000006c7800000,0x00000006cac1b050,0x00000006d2100000)
 Metaspace       used 52947K, capacity 56862K, committed 57000K, reserved 1097728K
  class space    used 6555K, capacity 8236K, committed 8360K, reserved 1048576K
}
Event: 169.691 GC heap before
{Heap before GC invocations=38 (full 2):
 PSYoungGen      total 778240K, used 756681K [0x000000076d300000, 0x00000007a8080000, 0x00000007c0000000)
  eden space 743424K, 100% used [0x000000076d300000,0x000000079a900000,0x000000079a900000)
  from space 34816K, 38% used [0x000000079a900000,0x000000079b5f2698,0x000000079cb00000)
  to   space 34304K, 0% used [0x00000007a5f00000,0x00000007a5f00000,0x00000007a8080000)
 ParOldGen       total 173056K, used 53356K [0x00000006c7800000, 0x00000006d2100000, 0x000000076d300000)
  object space 173056K, 30% used [0x00000006c7800000,0x00000006cac1b050,0x00000006d2100000)
 Metaspace       used 52964K, capacity 56874K, committed 57000K, reserved 1097728K
  class space    used 6557K, capacity 8240K, committed 8360K, reserved 1048576K
Event: 169.700 GC heap after
Heap after GC invocations=38 (full 2):
 PSYoungGen      total 913408K, used 10067K [0x000000076d300000, 0x00000007a7800000, 0x00000007c0000000)
  eden space 887808K, 0% used [0x000000076d300000,0x000000076d300000,0x00000007a3600000)
  from space 25600K, 39% used [0x00000007a5f00000,0x00000007a68d4c08,0x00000007a7800000)
  to   space 33792K, 0% used [0x00000007a3600000,0x00000007a3600000,0x00000007a5700000)
 ParOldGen       total 173056K, used 55887K [0x00000006c7800000, 0x00000006d2100000, 0x000000076d300000)
  object space 173056K, 32% used [0x00000006c7800000,0x00000006cae93d00,0x00000006d2100000)
 Metaspace       used 52964K, capacity 56874K, committed 57000K, reserved 1097728K
  class space    used 6557K, capacity 8240K, committed 8360K, reserved 1048576K
}
Event: 179.141 GC heap before
{Heap before GC invocations=39 (full 2):
 PSYoungGen      total 913408K, used 897875K [0x000000076d300000, 0x00000007a7800000, 0x00000007c0000000)
  eden space 887808K, 100% used [0x000000076d300000,0x00000007a3600000,0x00000007a3600000)
  from space 25600K, 39% used [0x00000007a5f00000,0x00000007a68d4c08,0x00000007a7800000)
  to   space 33792K, 0% used [0x00000007a3600000,0x00000007a3600000,0x00000007a5700000)
 ParOldGen       total 173056K, used 55887K [0x00000006c7800000, 0x00000006d2100000, 0x000000076d300000)
  object space 173056K, 32% used [0x00000006c7800000,0x00000006cae93d00,0x00000006d2100000)
 Metaspace       used 53145K, capacity 57082K, committed 57256K, reserved 1097728K
  class space    used 6574K, capacity 8288K, committed 8360K, reserved 1048576K
Event: 179.156 GC heap after
Heap after GC invocations=39 (full 2):
 PSYoungGen      total 921600K, used 10558K [0x000000076d300000, 0x00000007b1400000, 0x00000007c0000000)
  eden space 887808K, 0% used [0x000000076d300000,0x000000076d300000,0x00000007a3600000)
  from space 33792K, 31% used [0x00000007a3600000,0x00000007a404fa08,0x00000007a5700000)
  to   space 33280K, 0% used [0x00000007af380000,0x00000007af380000,0x00000007b1400000)
 ParOldGen       total 173056K, used 58463K [0x00000006c7800000, 0x00000006d2100000, 0x000000076d300000)
  object space 173056K, 33% used [0x00000006c7800000,0x00000006cb117ce0,0x00000006d2100000)
 Metaspace       used 53145K, capacity 57082K, committed 57256K, reserved 1097728K
  class space    used 6574K, capacity 8288K, committed 8360K, reserved 1048576K
}
Event: 186.306 GC heap before
{Heap before GC invocations=40 (full 2):
 PSYoungGen      total 921600K, used 898366K [0x000000076d300000, 0x00000007b1400000, 0x00000007c0000000)
  eden space 887808K, 100% used [0x000000076d300000,0x00000007a3600000,0x00000007a3600000)
  from space 33792K, 31% used [0x00000007a3600000,0x00000007a404fa08,0x00000007a5700000)
  to   space 33280K, 0% used [0x00000007af380000,0x00000007af380000,0x00000007b1400000)
 ParOldGen       total 173056K, used 58463K [0x00000006c7800000, 0x00000006d2100000, 0x000000076d300000)
  object space 173056K, 33% used [0x00000006c7800000,0x00000006cb117ce0,0x00000006d2100000)
 Metaspace       used 53242K, capacity 57190K, committed 57256K, reserved 1097728K
  class space    used 6586K, capacity 8319K, committed 8360K, reserved 1048576K
Event: 186.314 GC heap after
Heap after GC invocations=40 (full 2):
 PSYoungGen      total 1055232K, used 8562K [0x000000076d300000, 0x00000007b0700000, 0x00000007c0000000)
  eden space 1035264K, 0% used [0x000000076d300000,0x000000076d300000,0x00000007ac600000)
  from space 19968K, 42% used [0x00000007af380000,0x00000007afbdcb10,0x00000007b0700000)
  to   space 33280K, 0% used [0x00000007ac600000,0x00000007ac600000,0x00000007ae680000)
 ParOldGen       total 173056K, used 60182K [0x00000006c7800000, 0x00000006d2100000, 0x000000076d300000)
  object space 173056K, 34% used [0x00000006c7800000,0x00000006cb2c5b70,0x00000006d2100000)
 Metaspace       used 53242K, capacity 57190K, committed 57256K, reserved 1097728K
  class space    used 6586K, capacity 8319K, committed 8360K, reserved 1048576K
}
Event: 199.746 GC heap before
{Heap before GC invocations=41 (full 2):
 PSYoungGen      total 1055232K, used 1043826K [0x000000076d300000, 0x00000007b0700000, 0x00000007c0000000)
  eden space 1035264K, 100% used [0x000000076d300000,0x00000007ac600000,0x00000007ac600000)
  from space 19968K, 42% used [0x00000007af380000,0x00000007afbdcb10,0x00000007b0700000)
  to   space 33280K, 0% used [0x00000007ac600000,0x00000007ac600000,0x00000007ae680000)
 ParOldGen       total 173056K, used 60182K [0x00000006c7800000, 0x00000006d2100000, 0x000000076d300000)
  object space 173056K, 34% used [0x00000006c7800000,0x00000006cb2c5b70,0x00000006d2100000)
 Metaspace       used 53446K, capacity 57460K, committed 57640K, reserved 1097728K
  class space    used 6617K, capacity 8405K, committed 8488K, reserved 1048576K

