<?xml version="1.0" encoding="UTF-8"?>
<testng-results skipped="0" failed="0" ignored="0" total="0" passed="0">
  <reporter-output>
  </reporter-output>
  <suite name="Surefire suite" duration-ms="3" started-at="2019-01-03T10:10:05Z" finished-at="2019-01-03T10:10:05Z">
    <groups>
    </groups>
    <test name="Surefire test" duration-ms="3" started-at="2019-01-03T10:10:05Z" finished-at="2019-01-03T10:10:05Z">
      <class name="CreateElasticDataTest">
        <test-method status="PASS" signature="dataCreation()[pri:0, instance:CreateElasticDataTest@19bb089b]" name="dataCreation" is-config="true" duration-ms="4614" started-at="2019-01-03T10:10:01Z" finished-at="2019-01-03T10:10:05Z">
          <reporter-output>
          </reporter-output>
        </test-method> <!-- dataCreation -->
        <test-method status="PASS" signature="afterScenario()[pri:0, instance:CreateElasticDataTest@19bb089b]" name="afterScenario" is-config="true" duration-ms="87" started-at="2019-01-03T10:10:05Z" finished-at="2019-01-03T10:10:05Z">
          <reporter-output>
          </reporter-output>
        </test-method> <!-- afterScenario -->
      </class> <!-- CreateElasticDataTest -->
    </test> <!-- Surefire test -->
  </suite> <!-- Surefire suite -->
</testng-results>
