<?xml version="1.0" encoding="UTF-8"?>
<testng-results skipped="0" failed="0" ignored="0" total="2" passed="2">
  <reporter-output>
  </reporter-output>
  <suite name="Surefire suite" duration-ms="3499" started-at="2019-01-07T17:58:55Z" finished-at="2019-01-07T17:58:59Z">
    <groups>
    </groups>
    <test name="Surefire test" duration-ms="3499" started-at="2019-01-07T17:58:55Z" finished-at="2019-01-07T17:58:59Z">
      <class name="CreateElasticDataTest">
        <test-method status="PASS" signature="afterScenario()[pri:0, instance:CreateElasticDataTest@3c5a99da]" name="afterScenario" duration-ms="963" started-at="2019-01-07T17:58:55Z" finished-at="2019-01-07T17:58:56Z">
          <reporter-output>
          </reporter-output>
        </test-method> <!-- afterScenario -->
        <test-method status="PASS" signature="dataCreation()[pri:0, instance:CreateElasticDataTest@3c5a99da]" name="dataCreation" duration-ms="2521" started-at="2019-01-07T17:58:56Z" finished-at="2019-01-07T17:58:59Z">
          <reporter-output>
          </reporter-output>
        </test-method> <!-- dataCreation -->
      </class> <!-- CreateElasticDataTest -->
    </test> <!-- Surefire test -->
  </suite> <!-- Surefire suite -->
</testng-results>
